0 info it worked if it ends with ok
1 verbose cli [ 'C:\\Program Files\\nodejs\\node.exe',
1 verbose cli   'C:\\Program Files\\nodejs\\node_modules\\npm\\bin\\npm-cli.js',
1 verbose cli   'start' ]
2 info using npm@3.10.3
3 info using node@v6.3.1
4 verbose run-script [ 'prestart', 'start', 'poststart' ]
5 info lifecycle step-04@1.0.0~prestart: step-04@1.0.0
6 silly lifecycle step-04@1.0.0~prestart: no script for prestart, continuing
7 info lifecycle step-04@1.0.0~start: step-04@1.0.0
8 verbose lifecycle step-04@1.0.0~start: unsafe-perm in lifecycle true
9 verbose lifecycle step-04@1.0.0~start: PATH: C:\Program Files\nodejs\node_modules\npm\bin\node-gyp-bin;C:\Users\Administrator\Desktop\jybms\node_modules\.bin;C:\Program Files\nodejs;C:\Users\Administrator\bin;D:\git\Git\mingw64\bin;D:\git\Git\usr\local\bin;D:\git\Git\usr\bin;D:\git\Git\usr\bin;D:\git\Git\mingw64\bin;D:\git\Git\usr\bin;C:\Users\Administrator\bin;C:\Windows\system32;C:\Windows;C:\Windows\System32\Wbem;C:\Windows\System32\WindowsPowerShell\v1.0;C:\Program Files (x86)\Intel\OpenCL SDK\2.0\bin\x86;C:\Program Files (x86)\Intel\OpenCL SDK\2.0\bin\x64;D:\git\Git\cmd;C:\Program Files\nodejs;C:\Users\Administrator\AppData\Roaming\npm;D:\dev\Java\jdk1.6.0_34\bin;D:\git\Git\usr\bin\vendor_perl;D:\git\Git\usr\bin\core_perl
10 verbose lifecycle step-04@1.0.0~start: CWD: C:\Users\Administrator\Desktop\jybms
11 silly lifecycle step-04@1.0.0~start: Args: [ '/d /s /c', 'npm-run-all --parallel open:src' ]
12 silly lifecycle step-04@1.0.0~start: Returned: code: 1  signal: null
13 info lifecycle step-04@1.0.0~start: Failed to exec start script
14 verbose stack Error: step-04@1.0.0 start: `npm-run-all --parallel open:src`
14 verbose stack Exit status 1
14 verbose stack     at EventEmitter.<anonymous> (C:\Program Files\nodejs\node_modules\npm\lib\utils\lifecycle.js:242:16)
14 verbose stack     at emitTwo (events.js:106:13)
14 verbose stack     at EventEmitter.emit (events.js:191:7)
14 verbose stack     at ChildProcess.<anonymous> (C:\Program Files\nodejs\node_modules\npm\lib\utils\spawn.js:40:14)
14 verbose stack     at emitTwo (events.js:106:13)
14 verbose stack     at ChildProcess.emit (events.js:191:7)
14 verbose stack     at maybeClose (internal/child_process.js:852:16)
14 verbose stack     at Process.ChildProcess._handle.onexit (internal/child_process.js:215:5)
15 verbose pkgid step-04@1.0.0
16 verbose cwd C:\Users\Administrator\Desktop\jybms
17 error Windows_NT 6.1.7601
18 error argv "C:\\Program Files\\nodejs\\node.exe" "C:\\Program Files\\nodejs\\node_modules\\npm\\bin\\npm-cli.js" "start"
19 error node v6.3.1
20 error npm  v3.10.3
21 error code ELIFECYCLE
22 error step-04@1.0.0 start: `npm-run-all --parallel open:src`
22 error Exit status 1
23 error Failed at the step-04@1.0.0 start script 'npm-run-all --parallel open:src'.
23 error Make sure you have the latest version of node.js and npm installed.
23 error If you do, this is most likely a problem with the step-04 package,
23 error not with npm itself.
23 error Tell the author that this fails on your system:
23 error     npm-run-all --parallel open:src
23 error You can get information on how to open an issue for this project with:
23 error     npm bugs step-04
23 error Or if that isn't available, you can get their info via:
23 error     npm owner ls step-04
23 error There is likely additional logging output above.
24 verbose exit [ 1, true ]
